<?xml version="1.0" encoding="UTF-8"?>
<testsuite name="Add validlogin Test"
           tests="2"
           failures="1"
           errors="0"
           skipped="0"
           time="2.020">
  <properties />
            <testcase name="ValidloginTest" time="0.073" classname="techfios.testcases.ValidLoginTest">
                <failure type="org.openqa.selenium.WebDriverException"
                  message="Returned value cannot be converted to WebElement: {stacktrace=Backtrace:
	Ordinal0 [0x0115A113+1548563]
	Ordinal0 [0x010DDDA1+1039777]
	Ordinal0 [0x0105E32E+516910]
	Ordinal0 [0x00FF1537+70967]
	Ordinal0 [0x00FF2690+75408]
	Ordinal0 [0x00FF2629+75305]
	Ordinal0 [0x010F71B7+1143223]
	GetHandleVerifier [0x011F2B46+507814]
	GetHandleVerifier [0x011F2864+507076]
	GetHandleVerifier [0x011F9F47+537511]
	GetHandleVerifier [0x011F3402+510050]
	Ordinal0 [0x010EF29C+1110684]
	Ordinal0 [0x010F938B+1151883]
	Ordinal0 [0x010F94F3+1152243]
	Ordinal0 [0x010F83F5+1147893]
	BaseThreadInitThunk [0x764F6359+25]
	RtlGetAppContainerNamedObjectPath [0x77287C14+228]
	RtlGetAppContainerNamedObjectPath [0x77287BE4+180]
, error=invalid session id, message=invalid session id}
Build info: version: &apos;2.53.1&apos;, revision: &apos;a36b8b1cd5757287168e54b817830adce9b0158d&apos;, time: &apos;2016-06-30 19:26:09&apos;
System info: host: &apos;DESKTOP-GP7K44V&apos;, ip: &apos;192.168.1.5&apos;, os.name: &apos;Windows 10&apos;, os.arch: &apos;amd64&apos;, os.version: &apos;10.0&apos;, java.version: &apos;1.8.0_181&apos;
Driver info: driver.version: RemoteWebDriver"
              >
<![CDATA[org.openqa.selenium.WebDriverException: Returned value cannot be converted to WebElement: {stacktrace=Backtrace:
	Ordinal0 [0x0115A113+1548563]
	Ordinal0 [0x010DDDA1+1039777]
	Ordinal0 [0x0105E32E+516910]
	Ordinal0 [0x00FF1537+70967]
	Ordinal0 [0x00FF2690+75408]
	Ordinal0 [0x00FF2629+75305]
	Ordinal0 [0x010F71B7+1143223]
	GetHandleVerifier [0x011F2B46+507814]
	GetHandleVerifier [0x011F2864+507076]
	GetHandleVerifier [0x011F9F47+537511]
	GetHandleVerifier [0x011F3402+510050]
	Ordinal0 [0x010EF29C+1110684]
	Ordinal0 [0x010F938B+1151883]
	Ordinal0 [0x010F94F3+1152243]
	Ordinal0 [0x010F83F5+1147893]
	BaseThreadInitThunk [0x764F6359+25]
	RtlGetAppContainerNamedObjectPath [0x77287C14+228]
	RtlGetAppContainerNamedObjectPath [0x77287BE4+180]
, error=invalid session id, message=invalid session id}
Build info: version: '2.53.1', revision: 'a36b8b1cd5757287168e54b817830adce9b0158d', time: '2016-06-30 19:26:09'
System info: host: 'DESKTOP-GP7K44V', ip: '192.168.1.5', os.name: 'Windows 10', os.arch: 'amd64', os.version: '10.0', java.version: '1.8.0_181'
Driver info: driver.version: RemoteWebDriver
  org.openqa.selenium.remote.RemoteWebDriver.findElement(RemoteWebDriver.java:370)
  org.openqa.selenium.remote.RemoteWebDriver.findElementByXPath(RemoteWebDriver.java:500)
  org.openqa.selenium.By$ByXPath.findElement(By.java:361)
  org.openqa.selenium.remote.RemoteWebDriver.findElement(RemoteWebDriver.java:355)
  techfios.testcases.ValidLoginTest.ValidloginTest(ValidLoginTest.java:22)
  sun.reflect.NativeMethodAccessorImpl.invoke0(Native Method)
  sun.reflect.NativeMethodAccessorImpl.invoke(Unknown Source)
  sun.reflect.DelegatingMethodAccessorImpl.invoke(Unknown Source)
  java.lang.reflect.Method.invoke(Unknown Source)
  org.testng.internal.MethodInvocationHelper.invokeMethod(MethodInvocationHelper.java:108)
  org.testng.internal.Invoker.invokeMethod(Invoker.java:661)
  org.testng.internal.Invoker.invokeTestMethod(Invoker.java:869)
  org.testng.internal.Invoker.invokeTestMethods(Invoker.java:1193)
  org.testng.internal.TestMethodWorker.invokeTestMethods(TestMethodWorker.java:126)
  org.testng.internal.TestMethodWorker.run(TestMethodWorker.java:109)
  org.testng.TestRunner.privateRun(TestRunner.java:744)
  org.testng.TestRunner.run(TestRunner.java:602)
  org.testng.SuiteRunner.runTest(SuiteRunner.java:380)
  org.testng.SuiteRunner.runSequentially(SuiteRunner.java:375)
  org.testng.SuiteRunner.privateRun(SuiteRunner.java:340)
  org.testng.SuiteRunner.run(SuiteRunner.java:289)
  org.testng.SuiteRunnerWorker.runSuite(SuiteRunnerWorker.java:52)
  org.testng.SuiteRunnerWorker.run(SuiteRunnerWorker.java:86)
  org.testng.TestNG.runSuitesSequentially(TestNG.java:1301)
  org.testng.TestNG.runSuitesLocally(TestNG.java:1226)
  org.testng.TestNG.runSuites(TestNG.java:1144)
  org.testng.TestNG.run(TestNG.java:1115)
  org.testng.remote.AbstractRemoteTestNG.run(AbstractRemoteTestNG.java:126)
  org.testng.remote.RemoteTestNG.initAndRun(RemoteTestNG.java:152)
  org.testng.remote.RemoteTestNG.main(RemoteTestNG.java:57)
Caused by: java.lang.ClassCastException: com.google.common.collect.Maps$TransformedEntriesMap cannot be cast to org.openqa.selenium.WebElement
  org.openqa.selenium.remote.RemoteWebDriver.findElement(RemoteWebDriver.java:368)
  org.openqa.selenium.remote.RemoteWebDriver.findElementByXPath(RemoteWebDriver.java:500)
  org.openqa.selenium.By$ByXPath.findElement(By.java:361)
  org.openqa.selenium.remote.RemoteWebDriver.findElement(RemoteWebDriver.java:355)
  techfios.testcases.ValidLoginTest.ValidloginTest(ValidLoginTest.java:22)
  sun.reflect.NativeMethodAccessorImpl.invoke0(Native Method)
  sun.reflect.NativeMethodAccessorImpl.invoke(Unknown Source)
  sun.reflect.DelegatingMethodAccessorImpl.invoke(Unknown Source)
  java.lang.reflect.Method.invoke(Unknown Source)
  org.testng.internal.MethodInvocationHelper.invokeMethod(MethodInvocationHelper.java:108)
  org.testng.internal.Invoker.invokeMethod(Invoker.java:661)
  org.testng.internal.Invoker.invokeTestMethod(Invoker.java:869)
  org.testng.internal.Invoker.invokeTestMethods(Invoker.java:1193)
  org.testng.internal.TestMethodWorker.invokeTestMethods(TestMethodWorker.java:126)
  org.testng.internal.TestMethodWorker.run(TestMethodWorker.java:109)
  org.testng.TestRunner.privateRun(TestRunner.java:744)
  org.testng.TestRunner.run(TestRunner.java:602)
  org.testng.SuiteRunner.runTest(SuiteRunner.java:380)
  org.testng.SuiteRunner.runSequentially(SuiteRunner.java:375)
  org.testng.SuiteRunner.privateRun(SuiteRunner.java:340)
  org.testng.SuiteRunner.run(SuiteRunner.java:289)
  org.testng.SuiteRunnerWorker.runSuite(SuiteRunnerWorker.java:52)
  org.testng.SuiteRunnerWorker.run(SuiteRunnerWorker.java:86)
  org.testng.TestNG.runSuitesSequentially(TestNG.java:1301)
  org.testng.TestNG.runSuitesLocally(TestNG.java:1226)
  org.testng.TestNG.runSuites(TestNG.java:1144)
  org.testng.TestNG.run(TestNG.java:1115)
  org.testng.remote.AbstractRemoteTestNG.run(AbstractRemoteTestNG.java:126)
  org.testng.remote.RemoteTestNG.initAndRun(RemoteTestNG.java:152)
  org.testng.remote.RemoteTestNG.main(RemoteTestNG.java:57)
]]>
      </failure>

          </testcase>
  
  
            <testcase name="ValidloginTest" time="1.947" classname="techfios.testcases.ValidLoginTest" />
      
</testsuite>
