<?xml version="1.0" encoding="UTF-8"?>
<!-- Generated by org.testng.reporters.JUnitReportReporter -->
<testsuite skipped="0" hostname="DESKTOP-GP7K44V" name="techfios.testcases.ValidLoginTest" tests="2" failures="0" timestamp="17 Apr 2020 19:45:38 GMT" time="2.020" errors="1">
  <testcase name="ValidloginTest" time="1.947" classname="techfios.testcases.ValidLoginTest"/>
  <testcase name="ValidloginTest" time="0.073" classname="techfios.testcases.ValidLoginTest">
    <error type="org.openqa.selenium.WebDriverException" message="Returned value cannot be converted to WebElement: {stacktrace=Backtrace:
	Ordinal0 [0x0115A113+1548563]
	Ordinal0 [0x010DDDA1+1039777]
	Ordinal0 [0x0105E32E+516910]
	Ordinal0 [0x00FF1537+70967]
	Ordinal0 [0x00FF2690+75408]
	Ordinal0 [0x00FF2629+75305]
	Ordinal0 [0x010F71B7+1143223]
	GetHandleVerifier [0x011F2B46+507814]
	GetHandleVerifier [0x011F2864+507076]
	GetHandleVerifier [0x011F9F47+537511]
	GetHandleVerifier [0x011F3402+510050]
	Ordinal0 [0x010EF29C+1110684]
	Ordinal0 [0x010F938B+1151883]
	Ordinal0 [0x010F94F3+1152243]
	Ordinal0 [0x010F83F5+1147893]
	BaseThreadInitThunk [0x764F6359+25]
	RtlGetAppContainerNamedObjectPath [0x77287C14+228]
	RtlGetAppContainerNamedObjectPath [0x77287BE4+180]
, error=invalid session id, message=invalid session id}
Build info: version: &#039;2.53.1&#039;, revision: &#039;a36b8b1cd5757287168e54b817830adce9b0158d&#039;, time: &#039;2016-06-30 19:26:09&#039;
System info: host: &#039;DESKTOP-GP7K44V&#039;, ip: &#039;192.168.1.5&#039;, os.name: &#039;Windows 10&#039;, os.arch: &#039;amd64&#039;, os.version: &#039;10.0&#039;, java.version: &#039;1.8.0_181&#039;
Driver info: driver.version: RemoteWebDriver">
      <![CDATA[org.openqa.selenium.WebDriverException: Returned value cannot be converted to WebElement: {stacktrace=Backtrace:
	Ordinal0 [0x0115A113+1548563]
	Ordinal0 [0x010DDDA1+1039777]
	Ordinal0 [0x0105E32E+516910]
	Ordinal0 [0x00FF1537+70967]
	Ordinal0 [0x00FF2690+75408]
	Ordinal0 [0x00FF2629+75305]
	Ordinal0 [0x010F71B7+1143223]
	GetHandleVerifier [0x011F2B46+507814]
	GetHandleVerifier [0x011F2864+507076]
	GetHandleVerifier [0x011F9F47+537511]
	GetHandleVerifier [0x011F3402+510050]
	Ordinal0 [0x010EF29C+1110684]
	Ordinal0 [0x010F938B+1151883]
	Ordinal0 [0x010F94F3+1152243]
	Ordinal0 [0x010F83F5+1147893]
	BaseThreadInitThunk [0x764F6359+25]
	RtlGetAppContainerNamedObjectPath [0x77287C14+228]
	RtlGetAppContainerNamedObjectPath [0x77287BE4+180]
, error=invalid session id, message=invalid session id}
Build info: version: '2.53.1', revision: 'a36b8b1cd5757287168e54b817830adce9b0158d', time: '2016-06-30 19:26:09'
System info: host: 'DESKTOP-GP7K44V', ip: '192.168.1.5', os.name: 'Windows 10', os.arch: 'amd64', os.version: '10.0', java.version: '1.8.0_181'
Driver info: driver.version: RemoteWebDriver
	at org.openqa.selenium.remote.RemoteWebDriver.findElement(RemoteWebDriver.java:370)
	at org.openqa.selenium.remote.RemoteWebDriver.findElementByXPath(RemoteWebDriver.java:500)
	at org.openqa.selenium.By$ByXPath.findElement(By.java:361)
	at org.openqa.selenium.remote.RemoteWebDriver.findElement(RemoteWebDriver.java:355)
	at techfios.testcases.ValidLoginTest.ValidloginTest(ValidLoginTest.java:22)
	at sun.reflect.NativeMethodAccessorImpl.invoke0(Native Method)
	at sun.reflect.NativeMethodAccessorImpl.invoke(Unknown Source)
	at sun.reflect.DelegatingMethodAccessorImpl.invoke(Unknown Source)
	at java.lang.reflect.Method.invoke(Unknown Source)
	at org.testng.internal.MethodInvocationHelper.invokeMethod(MethodInvocationHelper.java:108)
	at org.testng.internal.Invoker.invokeMethod(Invoker.java:661)
	at org.testng.internal.Invoker.invokeTestMethod(Invoker.java:869)
	at org.testng.internal.Invoker.invokeTestMethods(Invoker.java:1193)
	at org.testng.internal.TestMethodWorker.invokeTestMethods(TestMethodWorker.java:126)
	at org.testng.internal.TestMethodWorker.run(TestMethodWorker.java:109)
	at org.testng.TestRunner.privateRun(TestRunner.java:744)
	at org.testng.TestRunner.run(TestRunner.java:602)
	at org.testng.SuiteRunner.runTest(SuiteRunner.java:380)
	at org.testng.SuiteRunner.runSequentially(SuiteRunner.java:375)
	at org.testng.SuiteRunner.privateRun(SuiteRunner.java:340)
	at org.testng.SuiteRunner.run(SuiteRunner.java:289)
	at org.testng.SuiteRunnerWorker.runSuite(SuiteRunnerWorker.java:52)
	at org.testng.SuiteRunnerWorker.run(SuiteRunnerWorker.java:86)
	at org.testng.TestNG.runSuitesSequentially(TestNG.java:1301)
	at org.testng.TestNG.runSuitesLocally(TestNG.java:1226)
	at org.testng.TestNG.runSuites(TestNG.java:1144)
	at org.testng.TestNG.run(TestNG.java:1115)
	at org.testng.remote.AbstractRemoteTestNG.run(AbstractRemoteTestNG.java:126)
	at org.testng.remote.RemoteTestNG.initAndRun(RemoteTestNG.java:152)
	at org.testng.remote.RemoteTestNG.main(RemoteTestNG.java:57)
Caused by: java.lang.ClassCastException: com.google.common.collect.Maps$TransformedEntriesMap cannot be cast to org.openqa.selenium.WebElement
	at org.openqa.selenium.remote.RemoteWebDriver.findElement(RemoteWebDriver.java:368)
	... 29 more
]]>
    </error>
  </testcase> <!-- ValidloginTest -->
</testsuite> <!-- techfios.testcases.ValidLoginTest -->
